# JRE version: OpenJDK Runtime Environment (8.0_272-b10) (build 1.8.0_272-b10)
# Java VM: OpenJDK 64-Bit Server VM Graal:compiler_565c2b3f39ab117249f1369bb74e7c461a3ddd19 (25.272-b10-jvmci-21.0-b03 mixed mode linux-amd64 compressed oops)
Heap:
 PSYoungGen      total 73728K, used 13051K [0x000000076e500000, 0x0000000777500000, 0x00000007c0000000)
  eden space 63488K, 9% used [0x000000076e500000,0x000000076eb02320,0x0000000772300000)
  from space 10240K, 67% used [0x0000000772300000,0x00000007729bcca0,0x0000000772d00000)
  to   space 10240K, 0% used [0x0000000776b00000,0x0000000776b00000,0x0000000777500000)
 ParOldGen       total 167936K, used 40K [0x00000006cae00000, 0x00000006d5200000, 0x000000076e500000)
  object space 167936K, 0% used [0x00000006cae00000,0x00000006cae0a000,0x00000006d5200000)
 Metaspace       used 20610K, capacity 21196K, committed 21296K, reserved 1067008K
  class space    used 2672K, capacity 2837K, committed 2864K, reserved 1048576K
GC Heap History (6 events):
Event: 5.126 GC heap before
{Heap before GC invocations=1 (full 0):
 PSYoungGen      total 73728K, used 63488K [0x000000076e500000, 0x0000000773700000, 0x00000007c0000000)
  eden space 63488K, 100% used [0x000000076e500000,0x0000000772300000,0x0000000772300000)
  from space 10240K, 0% used [0x0000000772d00000,0x0000000772d00000,0x0000000773700000)
  to   space 10240K, 0% used [0x0000000772300000,0x0000000772300000,0x0000000772d00000)
 ParOldGen       total 167936K, used 0K [0x00000006cae00000, 0x00000006d5200000, 0x000000076e500000)
  object space 167936K, 0% used [0x00000006cae00000,0x00000006cae00000,0x00000006d5200000)
 Metaspace       used 10260K, capacity 10406K, committed 10752K, reserved 1058816K
  class space    used 1147K, capacity 1170K, committed 1280K, reserved 1048576K
Event: 5.128 GC heap after
Heap after GC invocations=1 (full 0):
 PSYoungGen      total 73728K, used 4163K [0x000000076e500000, 0x0000000773700000, 0x00000007c0000000)
  eden space 63488K, 0% used [0x000000076e500000,0x000000076e500000,0x0000000772300000)
  from space 10240K, 40% used [0x0000000772300000,0x0000000772710cb0,0x0000000772d00000)
  to   space 10240K, 0% used [0x0000000772d00000,0x0000000772d00000,0x0000000773700000)
 ParOldGen       total 167936K, used 16K [0x00000006cae00000, 0x00000006d5200000, 0x000000076e500000)
  object space 167936K, 0% used [0x00000006cae00000,0x00000006cae04000,0x00000006d5200000)
 Metaspace       used 10260K, capacity 10406K, committed 10752K, reserved 1058816K
  class space    used 1147K, capacity 1170K, committed 1280K, reserved 1048576K
}
Event: 7.034 GC heap before
{Heap before GC invocations=2 (full 0):
 PSYoungGen      total 73728K, used 67651K [0x000000076e500000, 0x0000000773700000, 0x00000007c0000000)
  eden space 63488K, 100% used [0x000000076e500000,0x0000000772300000,0x0000000772300000)
  from space 10240K, 40% used [0x0000000772300000,0x0000000772710cb0,0x0000000772d00000)
  to   space 10240K, 0% used [0x0000000772d00000,0x0000000772d00000,0x0000000773700000)
 ParOldGen       total 167936K, used 16K [0x00000006cae00000, 0x00000006d5200000, 0x000000076e500000)
  object space 167936K, 0% used [0x00000006cae00000,0x00000006cae04000,0x00000006d5200000)
 Metaspace       used 14882K, capacity 15124K, committed 15360K, reserved 1062912K
  class space    used 1870K, capacity 1959K, committed 2048K, reserved 1048576K
Event: 7.050 GC heap after
Heap after GC invocations=2 (full 0):
 PSYoungGen      total 73728K, used 4995K [0x000000076e500000, 0x0000000773700000, 0x00000007c0000000)
  eden space 63488K, 0% used [0x000000076e500000,0x000000076e500000,0x0000000772300000)
  from space 10240K, 48% used [0x0000000772d00000,0x00000007731e0c90,0x0000000773700000)
  to   space 10240K, 0% used [0x0000000772300000,0x0000000772300000,0x0000000772d00000)
 ParOldGen       total 167936K, used 24K [0x00000006cae00000, 0x00000006d5200000, 0x000000076e500000)
  object space 167936K, 0% used [0x00000006cae00000,0x00000006cae06000,0x00000006d5200000)
 Metaspace       used 14882K, capacity 15124K, committed 15360K, reserved 1062912K
  class space    used 1870K, capacity 1959K, committed 2048K, reserved 1048576K
}
Event: 7.278 GC heap before
{Heap before GC invocations=3 (full 0):
 PSYoungGen      total 73728K, used 68483K [0x000000076e500000, 0x0000000773700000, 0x00000007c0000000)
  eden space 63488K, 100% used [0x000000076e500000,0x0000000772300000,0x0000000772300000)
  from space 10240K, 48% used [0x0000000772d00000,0x00000007731e0c90,0x0000000773700000)
  to   space 10240K, 0% used [0x0000000772300000,0x0000000772300000,0x0000000772d00000)
 ParOldGen       total 167936K, used 24K [0x00000006cae00000, 0x00000006d5200000, 0x000000076e500000)
  object space 167936K, 0% used [0x00000006cae00000,0x00000006cae06000,0x00000006d5200000)
 Metaspace       used 20539K, capacity 21100K, committed 21248K, reserved 1067008K
  class space    used 2655K, capacity 2805K, committed 2816K, reserved 1048576K
Event: 7.284 GC heap after
Heap after GC invocations=3 (full 0):
 PSYoungGen      total 73728K, used 6899K [0x000000076e500000, 0x0000000777500000, 0x00000007c0000000)
  eden space 63488K, 0% used [0x000000076e500000,0x000000076e500000,0x0000000772300000)
  from space 10240K, 67% used [0x0000000772300000,0x00000007729bcca0,0x0000000772d00000)
  to   space 10240K, 0% used [0x0000000776b00000,0x0000000776b00000,0x0000000777500000)
 ParOldGen       total 167936K, used 40K [0x00000006cae00000, 0x00000006d5200000, 0x000000076e500000)
  object space 167936K, 0% used [0x00000006cae00000,0x00000006cae0a000,0x00000006d5200000)
 Metaspace       used 20539K, capacity 21100K, committed 21248K, reserved 1067008K
  class space    used 2655K, capacity 2805K, committed 2816K, reserved 1048576K
}

