# JRE version: OpenJDK Runtime Environment (8.0_272-b10) (build 1.8.0_272-b10)
# Java VM: OpenJDK 64-Bit Server VM Graal:compiler_565c2b3f39ab117249f1369bb74e7c461a3ddd19 (25.272-b10-jvmci-21.0-b03 mixed mode linux-amd64 compressed oops)
Heap:
 PSYoungGen      total 73728K, used 5281K [0x000000076e500000, 0x0000000777500000, 0x00000007c0000000)
  eden space 63488K, 8% used [0x000000076e500000,0x000000076ea28628,0x0000000772300000)
  from space 10240K, 0% used [0x0000000772d00000,0x0000000772d00000,0x0000000773700000)
  to   space 10240K, 0% used [0x0000000772300000,0x0000000772300000,0x0000000772d00000)
 ParOldGen       total 78848K, used 6645K [0x00000006cae00000, 0x00000006cfb00000, 0x000000076e500000)
  object space 78848K, 8% used [0x00000006cae00000,0x00000006cb47d768,0x00000006cfb00000)
 Metaspace       used 20581K, capacity 21040K, committed 21504K, reserved 1069056K
  class space    used 2640K, capacity 2749K, committed 2816K, reserved 1048576K
GC Heap History (10 events):
Event: 2.341 GC heap before
{Heap before GC invocations=1 (full 0):
 PSYoungGen      total 73728K, used 63488K [0x000000076e500000, 0x0000000773700000, 0x00000007c0000000)
  eden space 63488K, 100% used [0x000000076e500000,0x0000000772300000,0x0000000772300000)
  from space 10240K, 0% used [0x0000000772d00000,0x0000000772d00000,0x0000000773700000)
  to   space 10240K, 0% used [0x0000000772300000,0x0000000772300000,0x0000000772d00000)
 ParOldGen       total 167936K, used 0K [0x00000006cae00000, 0x00000006d5200000, 0x000000076e500000)
  object space 167936K, 0% used [0x00000006cae00000,0x00000006cae00000,0x00000006d5200000)
 Metaspace       used 10062K, capacity 10130K, committed 10368K, reserved 1058816K
  class space    used 1100K, capacity 1138K, committed 1152K, reserved 1048576K
Event: 2.345 GC heap after
Heap after GC invocations=1 (full 0):
 PSYoungGen      total 73728K, used 4211K [0x000000076e500000, 0x0000000773700000, 0x00000007c0000000)
  eden space 63488K, 0% used [0x000000076e500000,0x000000076e500000,0x0000000772300000)
  from space 10240K, 41% used [0x0000000772300000,0x000000077271cc80,0x0000000772d00000)
  to   space 10240K, 0% used [0x0000000772d00000,0x0000000772d00000,0x0000000773700000)
 ParOldGen       total 167936K, used 16K [0x00000006cae00000, 0x00000006d5200000, 0x000000076e500000)
  object space 167936K, 0% used [0x00000006cae00000,0x00000006cae04000,0x00000006d5200000)
 Metaspace       used 10062K, capacity 10130K, committed 10368K, reserved 1058816K
  class space    used 1100K, capacity 1138K, committed 1152K, reserved 1048576K
}
Event: 2.543 GC heap before
{Heap before GC invocations=2 (full 0):
 PSYoungGen      total 73728K, used 67699K [0x000000076e500000, 0x0000000773700000, 0x00000007c0000000)
  eden space 63488K, 100% used [0x000000076e500000,0x0000000772300000,0x0000000772300000)
  from space 10240K, 41% used [0x0000000772300000,0x000000077271cc80,0x0000000772d00000)
  to   space 10240K, 0% used [0x0000000772d00000,0x0000000772d00000,0x0000000773700000)
 ParOldGen       total 167936K, used 16K [0x00000006cae00000, 0x00000006d5200000, 0x000000076e500000)
  object space 167936K, 0% used [0x00000006cae00000,0x00000006cae04000,0x00000006d5200000)
 Metaspace       used 14717K, capacity 14944K, committed 15104K, reserved 1062912K
  class space    used 1850K, capacity 1959K, committed 2048K, reserved 1048576K
Event: 2.546 GC heap after
Heap after GC invocations=2 (full 0):
 PSYoungGen      total 73728K, used 5052K [0x000000076e500000, 0x0000000773700000, 0x00000007c0000000)
  eden space 63488K, 0% used [0x000000076e500000,0x000000076e500000,0x0000000772300000)
  from space 10240K, 49% used [0x0000000772d00000,0x00000007731ef348,0x0000000773700000)
  to   space 10240K, 0% used [0x0000000772300000,0x0000000772300000,0x0000000772d00000)
 ParOldGen       total 167936K, used 24K [0x00000006cae00000, 0x00000006d5200000, 0x000000076e500000)
  object space 167936K, 0% used [0x00000006cae00000,0x00000006cae06000,0x00000006d5200000)
 Metaspace       used 14717K, capacity 14944K, committed 15104K, reserved 1062912K
  class space    used 1850K, capacity 1959K, committed 2048K, reserved 1048576K
}
Event: 4.502 GC heap before
{Heap before GC invocations=3 (full 0):
 PSYoungGen      total 73728K, used 68540K [0x000000076e500000, 0x0000000773700000, 0x00000007c0000000)
  eden space 63488K, 100% used [0x000000076e500000,0x0000000772300000,0x0000000772300000)
  from space 10240K, 49% used [0x0000000772d00000,0x00000007731ef348,0x0000000773700000)
  to   space 10240K, 0% used [0x0000000772300000,0x0000000772300000,0x0000000772d00000)
 ParOldGen       total 167936K, used 24K [0x00000006cae00000, 0x00000006d5200000, 0x000000076e500000)
  object space 167936K, 0% used [0x00000006cae00000,0x00000006cae06000,0x00000006d5200000)
 Metaspace       used 19987K, capacity 20548K, committed 20736K, reserved 1067008K
  class space    used 2568K, capacity 2731K, committed 2816K, reserved 1048576K
Event: 4.507 GC heap after
Heap after GC invocations=3 (full 0):
 PSYoungGen      total 73728K, used 6579K [0x000000076e500000, 0x0000000773700000, 0x00000007c0000000)
  eden space 63488K, 0% used [0x000000076e500000,0x000000076e500000,0x0000000772300000)
  from space 10240K, 64% used [0x0000000772300000,0x000000077296cca0,0x0000000772d00000)
  to   space 10240K, 0% used [0x0000000772d00000,0x0000000772d00000,0x0000000773700000)
 ParOldGen       total 167936K, used 32K [0x00000006cae00000, 0x00000006d5200000, 0x000000076e500000)
  object space 167936K, 0% used [0x00000006cae00000,0x00000006cae08000,0x00000006d5200000)
 Metaspace       used 19987K, capacity 20548K, committed 20736K, reserved 1067008K
  class space    used 2568K, capacity 2731K, committed 2816K, reserved 1048576K
}
Event: 4.547 GC heap before
{Heap before GC invocations=4 (full 0):
 PSYoungGen      total 73728K, used 16780K [0x000000076e500000, 0x0000000773700000, 0x00000007c0000000)
  eden space 63488K, 16% used [0x000000076e500000,0x000000076eef66b0,0x0000000772300000)
  from space 10240K, 64% used [0x0000000772300000,0x000000077296cca0,0x0000000772d00000)
  to   space 10240K, 0% used [0x0000000772d00000,0x0000000772d00000,0x0000000773700000)
 ParOldGen       total 167936K, used 32K [0x00000006cae00000, 0x00000006d5200000, 0x000000076e500000)
  object space 167936K, 0% used [0x00000006cae00000,0x00000006cae08000,0x00000006d5200000)
 Metaspace       used 20612K, capacity 21184K, committed 21248K, reserved 1067008K
  class space    used 2655K, capacity 2807K, committed 2816K, reserved 1048576K
Event: 4.553 GC heap after
Heap after GC invocations=4 (full 0):
 PSYoungGen      total 73728K, used 6771K [0x000000076e500000, 0x0000000777500000, 0x00000007c0000000)
  eden space 63488K, 0% used [0x000000076e500000,0x000000076e500000,0x0000000772300000)
  from space 10240K, 66% used [0x0000000772d00000,0x000000077339cca0,0x0000000773700000)
  to   space 10240K, 0% used [0x0000000772300000,0x0000000772300000,0x0000000772d00000)
 ParOldGen       total 167936K, used 40K [0x00000006cae00000, 0x00000006d5200000, 0x000000076e500000)
  object space 167936K, 0% used [0x00000006cae00000,0x00000006cae0a000,0x00000006d5200000)
 Metaspace       used 20612K, capacity 21184K, committed 21248K, reserved 1067008K
  class space    used 2655K, capacity 2807K, committed 2816K, reserved 1048576K
}
Event: 4.553 GC heap before
{Heap before GC invocations=5 (full 1):
 PSYoungGen      total 73728K, used 6771K [0x000000076e500000, 0x0000000777500000, 0x00000007c0000000)
  eden space 63488K, 0% used [0x000000076e500000,0x000000076e500000,0x0000000772300000)
  from space 10240K, 66% used [0x0000000772d00000,0x000000077339cca0,0x0000000773700000)
  to   space 10240K, 0% used [0x0000000772300000,0x0000000772300000,0x0000000772d00000)
 ParOldGen       total 167936K, used 40K [0x00000006cae00000, 0x00000006d5200000, 0x000000076e500000)
  object space 167936K, 0% used [0x00000006cae00000,0x00000006cae0a000,0x00000006d5200000)
 Metaspace       used 20612K, capacity 21184K, committed 21248K, reserved 1067008K
  class space    used 2655K, capacity 2807K, committed 2816K, reserved 1048576K
Event: 4.575 GC heap after
Heap after GC invocations=5 (full 1):
 PSYoungGen      total 73728K, used 0K [0x000000076e500000, 0x0000000777500000, 0x00000007c0000000)
  eden space 63488K, 0% used [0x000000076e500000,0x000000076e500000,0x0000000772300000)
  from space 10240K, 0% used [0x0000000772d00000,0x0000000772d00000,0x0000000773700000)
  to   space 10240K, 0% used [0x0000000772300000,0x0000000772300000,0x0000000772d00000)
 ParOldGen       total 78848K, used 6645K [0x00000006cae00000, 0x00000006cfb00000, 0x000000076e500000)
  object space 78848K, 8% used [0x00000006cae00000,0x00000006cb47d768,0x00000006cfb00000)
 Metaspace       used 20522K, capacity 20976K, committed 21248K, reserved 1067008K
  class space    used 2623K, capacity 2749K, committed 2816K, reserved 1048576K
}

