# JRE version: OpenJDK Runtime Environment (8.0_272-b10) (build 1.8.0_272-b10)
# Java VM: OpenJDK 64-Bit Server VM Graal:compiler_565c2b3f39ab117249f1369bb74e7c461a3ddd19 (25.272-b10-jvmci-21.0-b03 mixed mode linux-amd64 compressed oops)
Heap:
 PSYoungGen      total 73728K, used 3470K [0x000000076e500000, 0x0000000773700000, 0x00000007c0000000)
  eden space 63488K, 5% used [0x000000076e500000,0x000000076e863a68,0x0000000772300000)
  from space 10240K, 0% used [0x0000000772300000,0x0000000772300000,0x0000000772d00000)
  to   space 10240K, 0% used [0x0000000772d00000,0x0000000772d00000,0x0000000773700000)
 ParOldGen       total 70144K, used 6628K [0x00000006cae00000, 0x00000006cf280000, 0x000000076e500000)
  object space 70144K, 9% used [0x00000006cae00000,0x00000006cb479300,0x00000006cf280000)
 Metaspace       used 20645K, capacity 21112K, committed 21504K, reserved 1069056K
  class space    used 2633K, capacity 2749K, committed 2816K, reserved 1048576K
GC Heap History (8 events):
Event: 4.592 GC heap before
{Heap before GC invocations=1 (full 0):
 PSYoungGen      total 73728K, used 63488K [0x000000076e500000, 0x0000000773700000, 0x00000007c0000000)
  eden space 63488K, 100% used [0x000000076e500000,0x0000000772300000,0x0000000772300000)
  from space 10240K, 0% used [0x0000000772d00000,0x0000000772d00000,0x0000000773700000)
  to   space 10240K, 0% used [0x0000000772300000,0x0000000772300000,0x0000000772d00000)
 ParOldGen       total 167936K, used 0K [0x00000006cae00000, 0x00000006d5200000, 0x000000076e500000)
  object space 167936K, 0% used [0x00000006cae00000,0x00000006cae00000,0x00000006d5200000)
 Metaspace       used 10782K, capacity 10870K, committed 11136K, reserved 1058816K
  class space    used 1268K, capacity 1298K, committed 1408K, reserved 1048576K
Event: 4.595 GC heap after
Heap after GC invocations=1 (full 0):
 PSYoungGen      total 73728K, used 4259K [0x000000076e500000, 0x0000000773700000, 0x00000007c0000000)
  eden space 63488K, 0% used [0x000000076e500000,0x000000076e500000,0x0000000772300000)
  from space 10240K, 41% used [0x0000000772300000,0x0000000772728c90,0x0000000772d00000)
  to   space 10240K, 0% used [0x0000000772d00000,0x0000000772d00000,0x0000000773700000)
 ParOldGen       total 167936K, used 16K [0x00000006cae00000, 0x00000006d5200000, 0x000000076e500000)
  object space 167936K, 0% used [0x00000006cae00000,0x00000006cae04000,0x00000006d5200000)
 Metaspace       used 10782K, capacity 10870K, committed 11136K, reserved 1058816K
  class space    used 1268K, capacity 1298K, committed 1408K, reserved 1048576K
}
Event: 16.258 GC heap before
{Heap before GC invocations=2 (full 0):
 PSYoungGen      total 73728K, used 67747K [0x000000076e500000, 0x0000000773700000, 0x00000007c0000000)
  eden space 63488K, 100% used [0x000000076e500000,0x0000000772300000,0x0000000772300000)
  from space 10240K, 41% used [0x0000000772300000,0x0000000772728c90,0x0000000772d00000)
  to   space 10240K, 0% used [0x0000000772d00000,0x0000000772d00000,0x0000000773700000)
 ParOldGen       total 167936K, used 16K [0x00000006cae00000, 0x00000006d5200000, 0x000000076e500000)
  object space 167936K, 0% used [0x00000006cae00000,0x00000006cae04000,0x00000006d5200000)
 Metaspace       used 15565K, capacity 15766K, committed 16000K, reserved 1062912K
  class space    used 1961K, capacity 2060K, committed 2176K, reserved 1048576K
Event: 16.263 GC heap after
Heap after GC invocations=2 (full 0):
 PSYoungGen      total 73728K, used 5011K [0x000000076e500000, 0x0000000773700000, 0x00000007c0000000)
  eden space 63488K, 0% used [0x000000076e500000,0x000000076e500000,0x0000000772300000)
  from space 10240K, 48% used [0x0000000772d00000,0x00000007731e4ca0,0x0000000773700000)
  to   space 10240K, 0% used [0x0000000772300000,0x0000000772300000,0x0000000772d00000)
 ParOldGen       total 167936K, used 24K [0x00000006cae00000, 0x00000006d5200000, 0x000000076e500000)
  object space 167936K, 0% used [0x00000006cae00000,0x00000006cae06000,0x00000006d5200000)
 Metaspace       used 15565K, capacity 15766K, committed 16000K, reserved 1062912K
  class space    used 1961K, capacity 2060K, committed 2176K, reserved 1048576K
}
Event: 25.902 GC heap before
{Heap before GC invocations=3 (full 0):
 PSYoungGen      total 73728K, used 63953K [0x000000076e500000, 0x0000000773700000, 0x00000007c0000000)
  eden space 63488K, 92% used [0x000000076e500000,0x0000000771e8f8e0,0x0000000772300000)
  from space 10240K, 48% used [0x0000000772d00000,0x00000007731e4ca0,0x0000000773700000)
  to   space 10240K, 0% used [0x0000000772300000,0x0000000772300000,0x0000000772d00000)
 ParOldGen       total 167936K, used 24K [0x00000006cae00000, 0x00000006d5200000, 0x000000076e500000)
  object space 167936K, 0% used [0x00000006cae00000,0x00000006cae06000,0x00000006d5200000)
 Metaspace       used 20714K, capacity 21230K, committed 21248K, reserved 1067008K
  class space    used 2656K, capacity 2804K, committed 2816K, reserved 1048576K
Event: 25.909 GC heap after
Heap after GC invocations=3 (full 0):
 PSYoungGen      total 73728K, used 6787K [0x000000076e500000, 0x0000000773700000, 0x00000007c0000000)
  eden space 63488K, 0% used [0x000000076e500000,0x000000076e500000,0x0000000772300000)
  from space 10240K, 66% used [0x0000000772300000,0x00000007729a0cb0,0x0000000772d00000)
  to   space 10240K, 0% used [0x0000000772d00000,0x0000000772d00000,0x0000000773700000)
 ParOldGen       total 167936K, used 40K [0x00000006cae00000, 0x00000006d5200000, 0x000000076e500000)
  object space 167936K, 0% used [0x00000006cae00000,0x00000006cae0a000,0x00000006d5200000)
 Metaspace       used 20714K, capacity 21230K, committed 21248K, reserved 1067008K
  class space    used 2656K, capacity 2804K, committed 2816K, reserved 1048576K
}
Event: 25.909 GC heap before
{Heap before GC invocations=4 (full 1):
 PSYoungGen      total 73728K, used 6787K [0x000000076e500000, 0x0000000773700000, 0x00000007c0000000)
  eden space 63488K, 0% used [0x000000076e500000,0x000000076e500000,0x0000000772300000)
  from space 10240K, 66% used [0x0000000772300000,0x00000007729a0cb0,0x0000000772d00000)
  to   space 10240K, 0% used [0x0000000772d00000,0x0000000772d00000,0x0000000773700000)
 ParOldGen       total 167936K, used 40K [0x00000006cae00000, 0x00000006d5200000, 0x000000076e500000)
  object space 167936K, 0% used [0x00000006cae00000,0x00000006cae0a000,0x00000006d5200000)
 Metaspace       used 20714K, capacity 21230K, committed 21248K, reserved 1067008K
  class space    used 2656K, capacity 2804K, committed 2816K, reserved 1048576K
Event: 25.945 GC heap after
Heap after GC invocations=4 (full 1):
 PSYoungGen      total 73728K, used 0K [0x000000076e500000, 0x0000000773700000, 0x00000007c0000000)
  eden space 63488K, 0% used [0x000000076e500000,0x000000076e500000,0x0000000772300000)
  from space 10240K, 0% used [0x0000000772300000,0x0000000772300000,0x0000000772d00000)
  to   space 10240K, 0% used [0x0000000772d00000,0x0000000772d00000,0x0000000773700000)
 ParOldGen       total 70144K, used 6628K [0x00000006cae00000, 0x00000006cf280000, 0x000000076e500000)
  object space 70144K, 9% used [0x00000006cae00000,0x00000006cb479300,0x00000006cf280000)
 Metaspace       used 20620K, capacity 21018K, committed 21248K, reserved 1067008K
  class space    used 2623K, capacity 2744K, committed 2816K, reserved 1048576K
}

